13-Nov-2021 11:24:58.147 情報 [main] org.apache.catalina.startup.VersionLoggerListener.log Serverのバージョン名：Apache Tomcat/9.0.30
13-Nov-2021 11:24:58.150 情報 [main] org.apache.catalina.startup.VersionLoggerListener.log Server ビルド:          Dec 7 2019 16:42:04 UTC
13-Nov-2021 11:24:58.151 情報 [main] org.apache.catalina.startup.VersionLoggerListener.log サーバーのバージョン番号：9.0.30.0
13-Nov-2021 11:24:58.151 情報 [main] org.apache.catalina.startup.VersionLoggerListener.log OS 名:               Windows 10
13-Nov-2021 11:24:58.151 情報 [main] org.apache.catalina.startup.VersionLoggerListener.log OS バージョン:            10.0
13-Nov-2021 11:24:58.151 情報 [main] org.apache.catalina.startup.VersionLoggerListener.log アーキテクチャ:          amd64
13-Nov-2021 11:24:58.151 情報 [main] org.apache.catalina.startup.VersionLoggerListener.log Java Home:             C:\Program Files\Java\jdk-17
13-Nov-2021 11:24:58.152 情報 [main] org.apache.catalina.startup.VersionLoggerListener.log JVM バージョン:           17+35-LTS-2724
13-Nov-2021 11:24:58.152 情報 [main] org.apache.catalina.startup.VersionLoggerListener.log JVM ベンダ：            Oracle Corporation
13-Nov-2021 11:24:58.152 情報 [main] org.apache.catalina.startup.VersionLoggerListener.log CATALINA_BASE:         C:\Users\comna\Desktop\goudouken\keijiban
13-Nov-2021 11:24:58.152 情報 [main] org.apache.catalina.startup.VersionLoggerListener.log CATALINA_HOME:         C:\Users\comna\Desktop\goudouken\keijiban
13-Nov-2021 11:24:58.161 情報 [main] org.apache.catalina.startup.VersionLoggerListener.log コマンドライン引数：--add-opens=java.base/java.lang=ALL-UNNAMED
13-Nov-2021 11:24:58.161 情報 [main] org.apache.catalina.startup.VersionLoggerListener.log コマンドライン引数：--add-opens=java.base/java.io=ALL-UNNAMED
13-Nov-2021 11:24:58.161 情報 [main] org.apache.catalina.startup.VersionLoggerListener.log コマンドライン引数：--add-opens=java.rmi/sun.rmi.transport=ALL-UNNAMED
13-Nov-2021 11:24:58.162 情報 [main] org.apache.catalina.startup.VersionLoggerListener.log コマンドライン引数：-Djava.util.logging.config.file=C:\Users\comna\Desktop\goudouken\keijiban\conf\logging.properties
13-Nov-2021 11:24:58.162 情報 [main] org.apache.catalina.startup.VersionLoggerListener.log コマンドライン引数：-Djava.util.logging.manager=org.apache.juli.ClassLoaderLogManager
13-Nov-2021 11:24:58.163 情報 [main] org.apache.catalina.startup.VersionLoggerListener.log コマンドライン引数：-Djdk.tls.ephemeralDHKeySize=2048
13-Nov-2021 11:24:58.163 情報 [main] org.apache.catalina.startup.VersionLoggerListener.log コマンドライン引数：-Djava.protocol.handler.pkgs=org.apache.catalina.webresources
13-Nov-2021 11:24:58.164 情報 [main] org.apache.catalina.startup.VersionLoggerListener.log コマンドライン引数：-Dignore.endorsed.dirs=
13-Nov-2021 11:24:58.164 情報 [main] org.apache.catalina.startup.VersionLoggerListener.log コマンドライン引数：-Dcatalina.base=C:\Users\comna\Desktop\goudouken\keijiban
13-Nov-2021 11:24:58.165 情報 [main] org.apache.catalina.startup.VersionLoggerListener.log コマンドライン引数：-Dcatalina.home=C:\Users\comna\Desktop\goudouken\keijiban
13-Nov-2021 11:24:58.165 情報 [main] org.apache.catalina.startup.VersionLoggerListener.log コマンドライン引数：-Djava.io.tmpdir=C:\Users\comna\Desktop\goudouken\keijiban\temp
13-Nov-2021 11:24:58.166 情報 [main] org.apache.catalina.core.AprLifecycleListener.lifecycleEvent 商用環境に最適な性能を発揮する APR ベースの Tomcat ネイティブライブラリが java.library.path [C:\Program Files\Java\jdk-17\bin;C:\Windows\Sun\Java\bin;C:\Windows\system32;C:\Windows;C:\Program Files\NVIDIA GPU Computing Toolkit\CUDA\v11.3\bin;C:\Program Files\NVIDIA GPU Computing Toolkit\CUDA\v11.3\libnvvp;C:\Program Files\Common Files\Oracle\Java\javapath;C:\Program Files (x86)\Common Files\Oracle\Java\javapath;C:\Program Files\Java\jdk-17\bin;C:\Program Files\Java\jdk1.8.0_281\bin;C:\Windows\system32;C:\Windows;C:\Windows\System32\Wbem;C:\Windows\System32\WindowsPowerShell\v1.0\;C:\Windows\System32\OpenSSH\;C:\Program Files (x86)\NVIDIA Corporation\PhysX\Common;C:\Program Files\NVIDIA Corporation\NVIDIA NvDLISR;C:\Program Files\dotnet\;C:\Program Files\nodejs\;C:\platform-tools_r31.0.3-windows\platform-tools;C:\Users\comna\AppData\Local\Programs\Microsoft VS Code;C:\Program Files\Git\cmd;C:\Program Files\NVIDIA Corporation\Nsight Compute 2021.1.0\;C:\Users\comna\AppData\Local\Programs\Python\Python39\Scripts\;C:\Users\comna\AppData\Local\Programs\Python\Python39\;"C:\Users\comna\AppData\Local\Microsoft\WindowsApps;C:\Program Files\Java\jdk-17\bin";C:\Users\comna\AppData\Local\atom\bin;C:\Users\comna\.dotnet\tools;C:\Users\comna\AppData\Roaming\npm;C:\Users\comna\AppData\Local\Programs\Microsoft VS Code\bin;C:\comsan_created\.ui;C:\Program Files\2019.4.21f1\Editor;C:\pleiades\xampp\mysql\bin;C:\Program Files\heroku\bin;.] に存在しません。
13-Nov-2021 11:24:58.328 情報 [main] org.apache.coyote.AbstractProtocol.init プロトコルハンドラ ["http-nio-8080"] を初期化します。
13-Nov-2021 11:24:58.405 情報 [main] org.apache.coyote.AbstractProtocol.init プロトコルハンドラ ["ajp-nio-8009"] を初期化します。
13-Nov-2021 11:24:58.410 情報 [main] org.apache.catalina.startup.Catalina.load サーバーの初期化 [420]ms
13-Nov-2021 11:24:58.454 情報 [main] org.apache.catalina.core.StandardService.startInternal サービス [Catalina] を起動します
13-Nov-2021 11:24:58.455 情報 [main] org.apache.catalina.core.StandardEngine.startInternal サーブレットエンジンの起動：[Apache Tomcat/9.0.30]
13-Nov-2021 11:24:58.470 情報 [main] org.apache.catalina.startup.HostConfig.deployDirectory Webアプリケーションディレクトリ [C:\Users\comna\Desktop\goudouken\keijiban\webapps\docs] を配備します
13-Nov-2021 11:24:58.962 情報 [main] org.apache.jasper.servlet.TldScanner.scanJars 少なくとも1つのJARが、まだTLDを含んでいないTLDについてスキャンされました。 スキャンしたが、そこにTLDが見つからなかったJARの完全なリストについては、このロガーのデバッグログを有効にしてください。 スキャン中に不要なJARをスキップすると、起動時間とJSPのコンパイル時間が改善されます。
13-Nov-2021 11:24:59.005 情報 [main] org.apache.catalina.startup.HostConfig.deployDirectory ディレクトリ [C:\Users\comna\Desktop\goudouken\keijiban\webapps\docs] の Web アプリケーションの配置は [534] ms で完了しました。
13-Nov-2021 11:24:59.005 情報 [main] org.apache.catalina.startup.HostConfig.deployDirectory Webアプリケーションディレクトリ [C:\Users\comna\Desktop\goudouken\keijiban\webapps\rs_page] を配備します
13-Nov-2021 11:24:59.303 情報 [main] org.apache.jasper.servlet.TldScanner.scanJars 少なくとも1つのJARが、まだTLDを含んでいないTLDについてスキャンされました。 スキャンしたが、そこにTLDが見つからなかったJARの完全なリストについては、このロガーのデバッグログを有効にしてください。 スキャン中に不要なJARをスキップすると、起動時間とJSPのコンパイル時間が改善されます。
13-Nov-2021 11:24:59.320 情報 [main] org.apache.catalina.startup.HostConfig.deployDirectory ディレクトリ [C:\Users\comna\Desktop\goudouken\keijiban\webapps\rs_page] の Web アプリケーションの配置は [315] ms で完了しました。
13-Nov-2021 11:24:59.323 情報 [main] org.apache.coyote.AbstractProtocol.start プロトコルハンドラー ["http-nio-8080"] を開始しました。
13-Nov-2021 11:24:59.330 情報 [main] org.apache.coyote.AbstractProtocol.start プロトコルハンドラー ["ajp-nio-8009"] を開始しました。
13-Nov-2021 11:24:59.332 情報 [main] org.apache.catalina.startup.Catalina.start サーバーの起動 [921]ms
13-Nov-2021 11:25:33.787 情報 [Thread-4] org.apache.coyote.AbstractProtocol.pause ProtocolHandler ["http-nio-8080"] を一時停止します。
13-Nov-2021 11:25:33.803 情報 [Thread-4] org.apache.coyote.AbstractProtocol.pause ProtocolHandler ["ajp-nio-8009"] を一時停止します。
13-Nov-2021 11:25:33.815 情報 [Thread-4] org.apache.catalina.core.StandardService.stopInternal サービス [Catalina] を停止します
13-Nov-2021 11:25:33.826 情報 [Thread-4] org.apache.coyote.AbstractProtocol.stop ProtocolHandler ["http-nio-8080"]の停止中
13-Nov-2021 11:25:33.827 情報 [Thread-4] org.apache.coyote.AbstractProtocol.stop ProtocolHandler ["ajp-nio-8009"]の停止中
13-Nov-2021 11:25:33.829 情報 [Thread-4] org.apache.coyote.AbstractProtocol.destroy ProtocolHandler ["http-nio-8080"] を破棄します。
13-Nov-2021 11:25:33.829 情報 [Thread-4] org.apache.coyote.AbstractProtocol.destroy ProtocolHandler ["ajp-nio-8009"] を破棄します。
13-Nov-2021 11:25:36.107 情報 [main] org.apache.catalina.startup.VersionLoggerListener.log Serverのバージョン名：Apache Tomcat/9.0.30
13-Nov-2021 11:25:36.110 情報 [main] org.apache.catalina.startup.VersionLoggerListener.log Server ビルド:          Dec 7 2019 16:42:04 UTC
13-Nov-2021 11:25:36.111 情報 [main] org.apache.catalina.startup.VersionLoggerListener.log サーバーのバージョン番号：9.0.30.0
13-Nov-2021 11:25:36.111 情報 [main] org.apache.catalina.startup.VersionLoggerListener.log OS 名:               Windows 10
13-Nov-2021 11:25:36.111 情報 [main] org.apache.catalina.startup.VersionLoggerListener.log OS バージョン:            10.0
13-Nov-2021 11:25:36.111 情報 [main] org.apache.catalina.startup.VersionLoggerListener.log アーキテクチャ:          amd64
13-Nov-2021 11:25:36.111 情報 [main] org.apache.catalina.startup.VersionLoggerListener.log Java Home:             C:\Program Files\Java\jdk-17
13-Nov-2021 11:25:36.111 情報 [main] org.apache.catalina.startup.VersionLoggerListener.log JVM バージョン:           17+35-LTS-2724
13-Nov-2021 11:25:36.112 情報 [main] org.apache.catalina.startup.VersionLoggerListener.log JVM ベンダ：            Oracle Corporation
13-Nov-2021 11:25:36.112 情報 [main] org.apache.catalina.startup.VersionLoggerListener.log CATALINA_BASE:         C:\Users\comna\Desktop\goudouken\keijiban
13-Nov-2021 11:25:36.112 情報 [main] org.apache.catalina.startup.VersionLoggerListener.log CATALINA_HOME:         C:\Users\comna\Desktop\goudouken\keijiban
13-Nov-2021 11:25:36.121 情報 [main] org.apache.catalina.startup.VersionLoggerListener.log コマンドライン引数：--add-opens=java.base/java.lang=ALL-UNNAMED
13-Nov-2021 11:25:36.121 情報 [main] org.apache.catalina.startup.VersionLoggerListener.log コマンドライン引数：--add-opens=java.base/java.io=ALL-UNNAMED
13-Nov-2021 11:25:36.121 情報 [main] org.apache.catalina.startup.VersionLoggerListener.log コマンドライン引数：--add-opens=java.rmi/sun.rmi.transport=ALL-UNNAMED
13-Nov-2021 11:25:36.121 情報 [main] org.apache.catalina.startup.VersionLoggerListener.log コマンドライン引数：-Djava.util.logging.config.file=C:\Users\comna\Desktop\goudouken\keijiban\conf\logging.properties
13-Nov-2021 11:25:36.123 情報 [main] org.apache.catalina.startup.VersionLoggerListener.log コマンドライン引数：-Djava.util.logging.manager=org.apache.juli.ClassLoaderLogManager
13-Nov-2021 11:25:36.124 情報 [main] org.apache.catalina.startup.VersionLoggerListener.log コマンドライン引数：-Djdk.tls.ephemeralDHKeySize=2048
13-Nov-2021 11:25:36.124 情報 [main] org.apache.catalina.startup.VersionLoggerListener.log コマンドライン引数：-Djava.protocol.handler.pkgs=org.apache.catalina.webresources
13-Nov-2021 11:25:36.125 情報 [main] org.apache.catalina.startup.VersionLoggerListener.log コマンドライン引数：-Dignore.endorsed.dirs=
13-Nov-2021 11:25:36.125 情報 [main] org.apache.catalina.startup.VersionLoggerListener.log コマンドライン引数：-Dcatalina.base=C:\Users\comna\Desktop\goudouken\keijiban
13-Nov-2021 11:25:36.126 情報 [main] org.apache.catalina.startup.VersionLoggerListener.log コマンドライン引数：-Dcatalina.home=C:\Users\comna\Desktop\goudouken\keijiban
13-Nov-2021 11:25:36.126 情報 [main] org.apache.catalina.startup.VersionLoggerListener.log コマンドライン引数：-Djava.io.tmpdir=C:\Users\comna\Desktop\goudouken\keijiban\temp
13-Nov-2021 11:25:36.126 情報 [main] org.apache.catalina.core.AprLifecycleListener.lifecycleEvent 商用環境に最適な性能を発揮する APR ベースの Tomcat ネイティブライブラリが java.library.path [C:\Program Files\Java\jdk-17\bin;C:\Windows\Sun\Java\bin;C:\Windows\system32;C:\Windows;C:\Program Files\NVIDIA GPU Computing Toolkit\CUDA\v11.3\bin;C:\Program Files\NVIDIA GPU Computing Toolkit\CUDA\v11.3\libnvvp;C:\Program Files\Common Files\Oracle\Java\javapath;C:\Program Files (x86)\Common Files\Oracle\Java\javapath;C:\Program Files\Java\jdk-17\bin;C:\Program Files\Java\jdk1.8.0_281\bin;C:\Windows\system32;C:\Windows;C:\Windows\System32\Wbem;C:\Windows\System32\WindowsPowerShell\v1.0\;C:\Windows\System32\OpenSSH\;C:\Program Files (x86)\NVIDIA Corporation\PhysX\Common;C:\Program Files\NVIDIA Corporation\NVIDIA NvDLISR;C:\Program Files\dotnet\;C:\Program Files\nodejs\;C:\platform-tools_r31.0.3-windows\platform-tools;C:\Users\comna\AppData\Local\Programs\Microsoft VS Code;C:\Program Files\Git\cmd;C:\Program Files\NVIDIA Corporation\Nsight Compute 2021.1.0\;C:\Users\comna\AppData\Local\Programs\Python\Python39\Scripts\;C:\Users\comna\AppData\Local\Programs\Python\Python39\;"C:\Users\comna\AppData\Local\Microsoft\WindowsApps;C:\Program Files\Java\jdk-17\bin";C:\Users\comna\AppData\Local\atom\bin;C:\Users\comna\.dotnet\tools;C:\Users\comna\AppData\Roaming\npm;C:\Users\comna\AppData\Local\Programs\Microsoft VS Code\bin;C:\comsan_created\.ui;C:\Program Files\2019.4.21f1\Editor;C:\pleiades\xampp\mysql\bin;C:\Program Files\heroku\bin;.] に存在しません。
13-Nov-2021 11:25:36.278 情報 [main] org.apache.coyote.AbstractProtocol.init プロトコルハンドラ ["http-nio-8080"] を初期化します。
13-Nov-2021 11:25:36.349 情報 [main] org.apache.coyote.AbstractProtocol.init プロトコルハンドラ ["ajp-nio-8009"] を初期化します。
13-Nov-2021 11:25:36.354 情報 [main] org.apache.catalina.startup.Catalina.load サーバーの初期化 [396]ms
13-Nov-2021 11:25:36.381 情報 [main] org.apache.catalina.core.StandardService.startInternal サービス [Catalina] を起動します
13-Nov-2021 11:25:36.382 情報 [main] org.apache.catalina.core.StandardEngine.startInternal サーブレットエンジンの起動：[Apache Tomcat/9.0.30]
13-Nov-2021 11:25:36.392 情報 [main] org.apache.catalina.startup.HostConfig.deployDirectory Webアプリケーションディレクトリ [C:\Users\comna\Desktop\goudouken\keijiban\webapps\docs] を配備します
13-Nov-2021 11:25:36.857 情報 [main] org.apache.jasper.servlet.TldScanner.scanJars 少なくとも1つのJARが、まだTLDを含んでいないTLDについてスキャンされました。 スキャンしたが、そこにTLDが見つからなかったJARの完全なリストについては、このロガーのデバッグログを有効にしてください。 スキャン中に不要なJARをスキップすると、起動時間とJSPのコンパイル時間が改善されます。
13-Nov-2021 11:25:36.894 情報 [main] org.apache.catalina.startup.HostConfig.deployDirectory ディレクトリ [C:\Users\comna\Desktop\goudouken\keijiban\webapps\docs] の Web アプリケーションの配置は [502] ms で完了しました。
13-Nov-2021 11:25:36.894 情報 [main] org.apache.catalina.startup.HostConfig.deployDirectory Webアプリケーションディレクトリ [C:\Users\comna\Desktop\goudouken\keijiban\webapps\rs_page] を配備します
13-Nov-2021 11:25:37.190 情報 [main] org.apache.jasper.servlet.TldScanner.scanJars 少なくとも1つのJARが、まだTLDを含んでいないTLDについてスキャンされました。 スキャンしたが、そこにTLDが見つからなかったJARの完全なリストについては、このロガーのデバッグログを有効にしてください。 スキャン中に不要なJARをスキップすると、起動時間とJSPのコンパイル時間が改善されます。
13-Nov-2021 11:25:37.205 情報 [main] org.apache.catalina.startup.HostConfig.deployDirectory ディレクトリ [C:\Users\comna\Desktop\goudouken\keijiban\webapps\rs_page] の Web アプリケーションの配置は [311] ms で完了しました。
13-Nov-2021 11:25:37.208 情報 [main] org.apache.coyote.AbstractProtocol.start プロトコルハンドラー ["http-nio-8080"] を開始しました。
13-Nov-2021 11:25:37.215 情報 [main] org.apache.coyote.AbstractProtocol.start プロトコルハンドラー ["ajp-nio-8009"] を開始しました。
13-Nov-2021 11:25:37.218 情報 [main] org.apache.catalina.startup.Catalina.start サーバーの起動 [863]ms
13-Nov-2021 11:26:52.415 情報 [Thread-4] org.apache.coyote.AbstractProtocol.pause ProtocolHandler ["http-nio-8080"] を一時停止します。
13-Nov-2021 11:26:52.427 情報 [Thread-4] org.apache.coyote.AbstractProtocol.pause ProtocolHandler ["ajp-nio-8009"] を一時停止します。
13-Nov-2021 11:26:52.438 情報 [Thread-4] org.apache.catalina.core.StandardService.stopInternal サービス [Catalina] を停止します
13-Nov-2021 11:26:52.448 情報 [Thread-4] org.apache.coyote.AbstractProtocol.stop ProtocolHandler ["http-nio-8080"]の停止中
13-Nov-2021 11:26:52.449 情報 [Thread-4] org.apache.coyote.AbstractProtocol.stop ProtocolHandler ["ajp-nio-8009"]の停止中
13-Nov-2021 11:26:52.451 情報 [Thread-4] org.apache.coyote.AbstractProtocol.destroy ProtocolHandler ["http-nio-8080"] を破棄します。
13-Nov-2021 11:26:52.452 情報 [Thread-4] org.apache.coyote.AbstractProtocol.destroy ProtocolHandler ["ajp-nio-8009"] を破棄します。
13-Nov-2021 11:27:20.546 情報 [main] org.apache.catalina.startup.VersionLoggerListener.log Serverのバージョン名：Apache Tomcat/9.0.30
13-Nov-2021 11:27:20.549 情報 [main] org.apache.catalina.startup.VersionLoggerListener.log Server ビルド:          Dec 7 2019 16:42:04 UTC
13-Nov-2021 11:27:20.550 情報 [main] org.apache.catalina.startup.VersionLoggerListener.log サーバーのバージョン番号：9.0.30.0
13-Nov-2021 11:27:20.550 情報 [main] org.apache.catalina.startup.VersionLoggerListener.log OS 名:               Windows 10
13-Nov-2021 11:27:20.550 情報 [main] org.apache.catalina.startup.VersionLoggerListener.log OS バージョン:            10.0
13-Nov-2021 11:27:20.550 情報 [main] org.apache.catalina.startup.VersionLoggerListener.log アーキテクチャ:          amd64
13-Nov-2021 11:27:20.550 情報 [main] org.apache.catalina.startup.VersionLoggerListener.log Java Home:             C:\Program Files\Java\jdk-17
13-Nov-2021 11:27:20.551 情報 [main] org.apache.catalina.startup.VersionLoggerListener.log JVM バージョン:           17+35-LTS-2724
13-Nov-2021 11:27:20.551 情報 [main] org.apache.catalina.startup.VersionLoggerListener.log JVM ベンダ：            Oracle Corporation
13-Nov-2021 11:27:20.551 情報 [main] org.apache.catalina.startup.VersionLoggerListener.log CATALINA_BASE:         C:\Users\comna\Desktop\goudouken\keijiban
13-Nov-2021 11:27:20.552 情報 [main] org.apache.catalina.startup.VersionLoggerListener.log CATALINA_HOME:         C:\Users\comna\Desktop\goudouken\keijiban
13-Nov-2021 11:27:20.560 情報 [main] org.apache.catalina.startup.VersionLoggerListener.log コマンドライン引数：--add-opens=java.base/java.lang=ALL-UNNAMED
13-Nov-2021 11:27:20.561 情報 [main] org.apache.catalina.startup.VersionLoggerListener.log コマンドライン引数：--add-opens=java.base/java.io=ALL-UNNAMED
13-Nov-2021 11:27:20.561 情報 [main] org.apache.catalina.startup.VersionLoggerListener.log コマンドライン引数：--add-opens=java.rmi/sun.rmi.transport=ALL-UNNAMED
13-Nov-2021 11:27:20.561 情報 [main] org.apache.catalina.startup.VersionLoggerListener.log コマンドライン引数：-Djava.util.logging.config.file=C:\Users\comna\Desktop\goudouken\keijiban\conf\logging.properties
13-Nov-2021 11:27:20.563 情報 [main] org.apache.catalina.startup.VersionLoggerListener.log コマンドライン引数：-Djava.util.logging.manager=org.apache.juli.ClassLoaderLogManager
13-Nov-2021 11:27:20.564 情報 [main] org.apache.catalina.startup.VersionLoggerListener.log コマンドライン引数：-Djdk.tls.ephemeralDHKeySize=2048
13-Nov-2021 11:27:20.566 情報 [main] org.apache.catalina.startup.VersionLoggerListener.log コマンドライン引数：-Djava.protocol.handler.pkgs=org.apache.catalina.webresources
13-Nov-2021 11:27:20.567 情報 [main] org.apache.catalina.startup.VersionLoggerListener.log コマンドライン引数：-Dignore.endorsed.dirs=
13-Nov-2021 11:27:20.568 情報 [main] org.apache.catalina.startup.VersionLoggerListener.log コマンドライン引数：-Dcatalina.base=C:\Users\comna\Desktop\goudouken\keijiban
13-Nov-2021 11:27:20.579 情報 [main] org.apache.catalina.startup.VersionLoggerListener.log コマンドライン引数：-Dcatalina.home=C:\Users\comna\Desktop\goudouken\keijiban
13-Nov-2021 11:27:20.580 情報 [main] org.apache.catalina.startup.VersionLoggerListener.log コマンドライン引数：-Djava.io.tmpdir=C:\Users\comna\Desktop\goudouken\keijiban\temp
13-Nov-2021 11:27:20.580 情報 [main] org.apache.catalina.core.AprLifecycleListener.lifecycleEvent 商用環境に最適な性能を発揮する APR ベースの Tomcat ネイティブライブラリが java.library.path [C:\Program Files\Java\jdk-17\bin;C:\Windows\Sun\Java\bin;C:\Windows\system32;C:\Windows;C:\Program Files\NVIDIA GPU Computing Toolkit\CUDA\v11.3\bin;C:\Program Files\NVIDIA GPU Computing Toolkit\CUDA\v11.3\libnvvp;C:\Program Files\Common Files\Oracle\Java\javapath;C:\Program Files (x86)\Common Files\Oracle\Java\javapath;C:\Program Files\Java\jdk-17\bin;C:\Program Files\Java\jdk1.8.0_281\bin;C:\Windows\system32;C:\Windows;C:\Windows\System32\Wbem;C:\Windows\System32\WindowsPowerShell\v1.0\;C:\Windows\System32\OpenSSH\;C:\Program Files (x86)\NVIDIA Corporation\PhysX\Common;C:\Program Files\NVIDIA Corporation\NVIDIA NvDLISR;C:\Program Files\dotnet\;C:\Program Files\nodejs\;C:\platform-tools_r31.0.3-windows\platform-tools;C:\Users\comna\AppData\Local\Programs\Microsoft VS Code;C:\Program Files\Git\cmd;C:\Program Files\NVIDIA Corporation\Nsight Compute 2021.1.0\;C:\Users\comna\AppData\Local\Programs\Python\Python39\Scripts\;C:\Users\comna\AppData\Local\Programs\Python\Python39\;"C:\Users\comna\AppData\Local\Microsoft\WindowsApps;C:\Program Files\Java\jdk-17\bin";C:\Users\comna\AppData\Local\atom\bin;C:\Users\comna\.dotnet\tools;C:\Users\comna\AppData\Roaming\npm;C:\Users\comna\AppData\Local\Programs\Microsoft VS Code\bin;C:\comsan_created\.ui;C:\Program Files\2019.4.21f1\Editor;C:\pleiades\xampp\mysql\bin;C:\Program Files\heroku\bin;.] に存在しません。
13-Nov-2021 11:27:20.739 情報 [main] org.apache.coyote.AbstractProtocol.init プロトコルハンドラ ["http-nio-8080"] を初期化します。
13-Nov-2021 11:27:20.816 情報 [main] org.apache.coyote.AbstractProtocol.init プロトコルハンドラ ["ajp-nio-8009"] を初期化します。
13-Nov-2021 11:27:20.821 情報 [main] org.apache.catalina.startup.Catalina.load サーバーの初期化 [427]ms
13-Nov-2021 11:27:20.850 情報 [main] org.apache.catalina.core.StandardService.startInternal サービス [Catalina] を起動します
13-Nov-2021 11:27:20.850 情報 [main] org.apache.catalina.core.StandardEngine.startInternal サーブレットエンジンの起動：[Apache Tomcat/9.0.30]
13-Nov-2021 11:27:20.862 情報 [main] org.apache.catalina.startup.HostConfig.deployDirectory Webアプリケーションディレクトリ [C:\Users\comna\Desktop\goudouken\keijiban\webapps\docs] を配備します
13-Nov-2021 11:27:21.327 情報 [main] org.apache.jasper.servlet.TldScanner.scanJars 少なくとも1つのJARが、まだTLDを含んでいないTLDについてスキャンされました。 スキャンしたが、そこにTLDが見つからなかったJARの完全なリストについては、このロガーのデバッグログを有効にしてください。 スキャン中に不要なJARをスキップすると、起動時間とJSPのコンパイル時間が改善されます。
13-Nov-2021 11:27:21.363 情報 [main] org.apache.catalina.startup.HostConfig.deployDirectory ディレクトリ [C:\Users\comna\Desktop\goudouken\keijiban\webapps\docs] の Web アプリケーションの配置は [501] ms で完了しました。
13-Nov-2021 11:27:21.363 情報 [main] org.apache.catalina.startup.HostConfig.deployDirectory Webアプリケーションディレクトリ [C:\Users\comna\Desktop\goudouken\keijiban\webapps\rs_page] を配備します
13-Nov-2021 11:27:21.655 情報 [main] org.apache.jasper.servlet.TldScanner.scanJars 少なくとも1つのJARが、まだTLDを含んでいないTLDについてスキャンされました。 スキャンしたが、そこにTLDが見つからなかったJARの完全なリストについては、このロガーのデバッグログを有効にしてください。 スキャン中に不要なJARをスキップすると、起動時間とJSPのコンパイル時間が改善されます。
13-Nov-2021 11:27:21.668 情報 [main] org.apache.catalina.startup.HostConfig.deployDirectory ディレクトリ [C:\Users\comna\Desktop\goudouken\keijiban\webapps\rs_page] の Web アプリケーションの配置は [305] ms で完了しました。
13-Nov-2021 11:27:21.671 情報 [main] org.apache.coyote.AbstractProtocol.start プロトコルハンドラー ["http-nio-8080"] を開始しました。
13-Nov-2021 11:27:21.677 情報 [main] org.apache.coyote.AbstractProtocol.start プロトコルハンドラー ["ajp-nio-8009"] を開始しました。
13-Nov-2021 11:27:21.680 情報 [main] org.apache.catalina.startup.Catalina.start サーバーの起動 [858]ms
13-Nov-2021 11:33:42.046 情報 [Thread-4] org.apache.coyote.AbstractProtocol.pause ProtocolHandler ["http-nio-8080"] を一時停止します。
13-Nov-2021 11:33:42.060 情報 [Thread-4] org.apache.coyote.AbstractProtocol.pause ProtocolHandler ["ajp-nio-8009"] を一時停止します。
13-Nov-2021 11:33:42.070 情報 [Thread-4] org.apache.catalina.core.StandardService.stopInternal サービス [Catalina] を停止します
13-Nov-2021 11:33:42.080 情報 [Thread-4] org.apache.coyote.AbstractProtocol.stop ProtocolHandler ["http-nio-8080"]の停止中
13-Nov-2021 11:33:42.081 情報 [Thread-4] org.apache.coyote.AbstractProtocol.stop ProtocolHandler ["ajp-nio-8009"]の停止中
13-Nov-2021 11:33:42.082 情報 [Thread-4] org.apache.coyote.AbstractProtocol.destroy ProtocolHandler ["http-nio-8080"] を破棄します。
13-Nov-2021 11:33:42.083 情報 [Thread-4] org.apache.coyote.AbstractProtocol.destroy ProtocolHandler ["ajp-nio-8009"] を破棄します。
13-Nov-2021 11:33:56.422 情報 [main] org.apache.catalina.startup.VersionLoggerListener.log Serverのバージョン名：Apache Tomcat/9.0.30
13-Nov-2021 11:33:56.426 情報 [main] org.apache.catalina.startup.VersionLoggerListener.log Server ビルド:          Dec 7 2019 16:42:04 UTC
13-Nov-2021 11:33:56.426 情報 [main] org.apache.catalina.startup.VersionLoggerListener.log サーバーのバージョン番号：9.0.30.0
13-Nov-2021 11:33:56.427 情報 [main] org.apache.catalina.startup.VersionLoggerListener.log OS 名:               Windows 10
13-Nov-2021 11:33:56.427 情報 [main] org.apache.catalina.startup.VersionLoggerListener.log OS バージョン:            10.0
13-Nov-2021 11:33:56.427 情報 [main] org.apache.catalina.startup.VersionLoggerListener.log アーキテクチャ:          amd64
13-Nov-2021 11:33:56.427 情報 [main] org.apache.catalina.startup.VersionLoggerListener.log Java Home:             C:\Program Files\Java\jdk-17
13-Nov-2021 11:33:56.427 情報 [main] org.apache.catalina.startup.VersionLoggerListener.log JVM バージョン:           17+35-LTS-2724
13-Nov-2021 11:33:56.428 情報 [main] org.apache.catalina.startup.VersionLoggerListener.log JVM ベンダ：            Oracle Corporation
13-Nov-2021 11:33:56.428 情報 [main] org.apache.catalina.startup.VersionLoggerListener.log CATALINA_BASE:         C:\Users\comna\Desktop\goudouken\keijiban
13-Nov-2021 11:33:56.428 情報 [main] org.apache.catalina.startup.VersionLoggerListener.log CATALINA_HOME:         C:\Users\comna\Desktop\goudouken\keijiban
13-Nov-2021 11:33:56.436 情報 [main] org.apache.catalina.startup.VersionLoggerListener.log コマンドライン引数：--add-opens=java.base/java.lang=ALL-UNNAMED
13-Nov-2021 11:33:56.437 情報 [main] org.apache.catalina.startup.VersionLoggerListener.log コマンドライン引数：--add-opens=java.base/java.io=ALL-UNNAMED
13-Nov-2021 11:33:56.437 情報 [main] org.apache.catalina.startup.VersionLoggerListener.log コマンドライン引数：--add-opens=java.rmi/sun.rmi.transport=ALL-UNNAMED
13-Nov-2021 11:33:56.437 情報 [main] org.apache.catalina.startup.VersionLoggerListener.log コマンドライン引数：-Djava.util.logging.config.file=C:\Users\comna\Desktop\goudouken\keijiban\conf\logging.properties
13-Nov-2021 11:33:56.439 情報 [main] org.apache.catalina.startup.VersionLoggerListener.log コマンドライン引数：-Djava.util.logging.manager=org.apache.juli.ClassLoaderLogManager
13-Nov-2021 11:33:56.440 情報 [main] org.apache.catalina.startup.VersionLoggerListener.log コマンドライン引数：-Djdk.tls.ephemeralDHKeySize=2048
13-Nov-2021 11:33:56.441 情報 [main] org.apache.catalina.startup.VersionLoggerListener.log コマンドライン引数：-Djava.protocol.handler.pkgs=org.apache.catalina.webresources
13-Nov-2021 11:33:56.442 情報 [main] org.apache.catalina.startup.VersionLoggerListener.log コマンドライン引数：-Dignore.endorsed.dirs=
13-Nov-2021 11:33:56.442 情報 [main] org.apache.catalina.startup.VersionLoggerListener.log コマンドライン引数：-Dcatalina.base=C:\Users\comna\Desktop\goudouken\keijiban
13-Nov-2021 11:33:56.443 情報 [main] org.apache.catalina.startup.VersionLoggerListener.log コマンドライン引数：-Dcatalina.home=C:\Users\comna\Desktop\goudouken\keijiban
13-Nov-2021 11:33:56.444 情報 [main] org.apache.catalina.startup.VersionLoggerListener.log コマンドライン引数：-Djava.io.tmpdir=C:\Users\comna\Desktop\goudouken\keijiban\temp
13-Nov-2021 11:33:56.444 情報 [main] org.apache.catalina.core.AprLifecycleListener.lifecycleEvent 商用環境に最適な性能を発揮する APR ベースの Tomcat ネイティブライブラリが java.library.path [C:\Program Files\Java\jdk-17\bin;C:\Windows\Sun\Java\bin;C:\Windows\system32;C:\Windows;C:\Program Files\NVIDIA GPU Computing Toolkit\CUDA\v11.3\bin;C:\Program Files\NVIDIA GPU Computing Toolkit\CUDA\v11.3\libnvvp;C:\Program Files\Common Files\Oracle\Java\javapath;C:\Program Files (x86)\Common Files\Oracle\Java\javapath;C:\Program Files\Java\jdk-17\bin;C:\Program Files\Java\jdk1.8.0_281\bin;C:\Windows\system32;C:\Windows;C:\Windows\System32\Wbem;C:\Windows\System32\WindowsPowerShell\v1.0\;C:\Windows\System32\OpenSSH\;C:\Program Files (x86)\NVIDIA Corporation\PhysX\Common;C:\Program Files\NVIDIA Corporation\NVIDIA NvDLISR;C:\Program Files\dotnet\;C:\Program Files\nodejs\;C:\platform-tools_r31.0.3-windows\platform-tools;C:\Users\comna\AppData\Local\Programs\Microsoft VS Code;C:\Program Files\Git\cmd;C:\Program Files\NVIDIA Corporation\Nsight Compute 2021.1.0\;C:\Users\comna\AppData\Local\Programs\Python\Python39\Scripts\;C:\Users\comna\AppData\Local\Programs\Python\Python39\;"C:\Users\comna\AppData\Local\Microsoft\WindowsApps;C:\Program Files\Java\jdk-17\bin";C:\Users\comna\AppData\Local\atom\bin;C:\Users\comna\.dotnet\tools;C:\Users\comna\AppData\Roaming\npm;C:\Users\comna\AppData\Local\Programs\Microsoft VS Code\bin;C:\comsan_created\.ui;C:\Program Files\2019.4.21f1\Editor;C:\pleiades\xampp\mysql\bin;C:\Program Files\heroku\bin;.] に存在しません。
13-Nov-2021 11:33:56.604 情報 [main] org.apache.coyote.AbstractProtocol.init プロトコルハンドラ ["http-nio-8080"] を初期化します。
13-Nov-2021 11:33:56.683 情報 [main] org.apache.coyote.AbstractProtocol.init プロトコルハンドラ ["ajp-nio-8009"] を初期化します。
13-Nov-2021 11:33:56.688 情報 [main] org.apache.catalina.startup.Catalina.load サーバーの初期化 [438]ms
13-Nov-2021 11:33:56.717 情報 [main] org.apache.catalina.core.StandardService.startInternal サービス [Catalina] を起動します
13-Nov-2021 11:33:56.717 情報 [main] org.apache.catalina.core.StandardEngine.startInternal サーブレットエンジンの起動：[Apache Tomcat/9.0.30]
13-Nov-2021 11:33:56.729 情報 [main] org.apache.catalina.startup.HostConfig.deployDirectory Webアプリケーションディレクトリ [C:\Users\comna\Desktop\goudouken\keijiban\webapps\docs] を配備します
13-Nov-2021 11:33:57.215 情報 [main] org.apache.jasper.servlet.TldScanner.scanJars 少なくとも1つのJARが、まだTLDを含んでいないTLDについてスキャンされました。 スキャンしたが、そこにTLDが見つからなかったJARの完全なリストについては、このロガーのデバッグログを有効にしてください。 スキャン中に不要なJARをスキップすると、起動時間とJSPのコンパイル時間が改善されます。
13-Nov-2021 11:33:57.251 情報 [main] org.apache.catalina.startup.HostConfig.deployDirectory ディレクトリ [C:\Users\comna\Desktop\goudouken\keijiban\webapps\docs] の Web アプリケーションの配置は [522] ms で完了しました。
13-Nov-2021 11:33:57.251 情報 [main] org.apache.catalina.startup.HostConfig.deployDirectory Webアプリケーションディレクトリ [C:\Users\comna\Desktop\goudouken\keijiban\webapps\rs_page] を配備します
13-Nov-2021 11:33:57.553 情報 [main] org.apache.jasper.servlet.TldScanner.scanJars 少なくとも1つのJARが、まだTLDを含んでいないTLDについてスキャンされました。 スキャンしたが、そこにTLDが見つからなかったJARの完全なリストについては、このロガーのデバッグログを有効にしてください。 スキャン中に不要なJARをスキップすると、起動時間とJSPのコンパイル時間が改善されます。
13-Nov-2021 11:33:57.570 情報 [main] org.apache.catalina.startup.HostConfig.deployDirectory ディレクトリ [C:\Users\comna\Desktop\goudouken\keijiban\webapps\rs_page] の Web アプリケーションの配置は [319] ms で完了しました。
13-Nov-2021 11:33:57.575 情報 [main] org.apache.coyote.AbstractProtocol.start プロトコルハンドラー ["http-nio-8080"] を開始しました。
13-Nov-2021 11:33:57.586 情報 [main] org.apache.coyote.AbstractProtocol.start プロトコルハンドラー ["ajp-nio-8009"] を開始しました。
13-Nov-2021 11:33:57.588 情報 [main] org.apache.catalina.startup.Catalina.start サーバーの起動 [900]ms
13-Nov-2021 11:43:15.613 情報 [Thread-4] org.apache.coyote.AbstractProtocol.pause ProtocolHandler ["http-nio-8080"] を一時停止します。
13-Nov-2021 11:43:15.626 情報 [Thread-4] org.apache.coyote.AbstractProtocol.pause ProtocolHandler ["ajp-nio-8009"] を一時停止します。
13-Nov-2021 11:43:15.637 情報 [Thread-4] org.apache.catalina.core.StandardService.stopInternal サービス [Catalina] を停止します
13-Nov-2021 11:43:15.648 情報 [Thread-4] org.apache.coyote.AbstractProtocol.stop ProtocolHandler ["http-nio-8080"]の停止中
13-Nov-2021 11:43:15.650 情報 [Thread-4] org.apache.coyote.AbstractProtocol.stop ProtocolHandler ["ajp-nio-8009"]の停止中
13-Nov-2021 11:43:15.658 情報 [Thread-4] org.apache.coyote.AbstractProtocol.destroy ProtocolHandler ["http-nio-8080"] を破棄します。
13-Nov-2021 11:43:15.659 情報 [Thread-4] org.apache.coyote.AbstractProtocol.destroy ProtocolHandler ["ajp-nio-8009"] を破棄します。
13-Nov-2021 11:43:21.516 情報 [main] org.apache.catalina.startup.VersionLoggerListener.log Serverのバージョン名：Apache Tomcat/9.0.30
13-Nov-2021 11:43:21.518 情報 [main] org.apache.catalina.startup.VersionLoggerListener.log Server ビルド:          Dec 7 2019 16:42:04 UTC
13-Nov-2021 11:43:21.519 情報 [main] org.apache.catalina.startup.VersionLoggerListener.log サーバーのバージョン番号：9.0.30.0
13-Nov-2021 11:43:21.519 情報 [main] org.apache.catalina.startup.VersionLoggerListener.log OS 名:               Windows 10
13-Nov-2021 11:43:21.519 情報 [main] org.apache.catalina.startup.VersionLoggerListener.log OS バージョン:            10.0
13-Nov-2021 11:43:21.519 情報 [main] org.apache.catalina.startup.VersionLoggerListener.log アーキテクチャ:          amd64
13-Nov-2021 11:43:21.520 情報 [main] org.apache.catalina.startup.VersionLoggerListener.log Java Home:             C:\Program Files\Java\jdk-17
13-Nov-2021 11:43:21.520 情報 [main] org.apache.catalina.startup.VersionLoggerListener.log JVM バージョン:           17+35-LTS-2724
13-Nov-2021 11:43:21.520 情報 [main] org.apache.catalina.startup.VersionLoggerListener.log JVM ベンダ：            Oracle Corporation
13-Nov-2021 11:43:21.520 情報 [main] org.apache.catalina.startup.VersionLoggerListener.log CATALINA_BASE:         C:\Users\comna\Desktop\goudouken\keijiban
13-Nov-2021 11:43:21.520 情報 [main] org.apache.catalina.startup.VersionLoggerListener.log CATALINA_HOME:         C:\Users\comna\Desktop\goudouken\keijiban
13-Nov-2021 11:43:21.528 情報 [main] org.apache.catalina.startup.VersionLoggerListener.log コマンドライン引数：--add-opens=java.base/java.lang=ALL-UNNAMED
13-Nov-2021 11:43:21.528 情報 [main] org.apache.catalina.startup.VersionLoggerListener.log コマンドライン引数：--add-opens=java.base/java.io=ALL-UNNAMED
13-Nov-2021 11:43:21.528 情報 [main] org.apache.catalina.startup.VersionLoggerListener.log コマンドライン引数：--add-opens=java.rmi/sun.rmi.transport=ALL-UNNAMED
13-Nov-2021 11:43:21.529 情報 [main] org.apache.catalina.startup.VersionLoggerListener.log コマンドライン引数：-Djava.util.logging.config.file=C:\Users\comna\Desktop\goudouken\keijiban\conf\logging.properties
13-Nov-2021 11:43:21.529 情報 [main] org.apache.catalina.startup.VersionLoggerListener.log コマンドライン引数：-Djava.util.logging.manager=org.apache.juli.ClassLoaderLogManager
13-Nov-2021 11:43:21.530 情報 [main] org.apache.catalina.startup.VersionLoggerListener.log コマンドライン引数：-Djdk.tls.ephemeralDHKeySize=2048
13-Nov-2021 11:43:21.530 情報 [main] org.apache.catalina.startup.VersionLoggerListener.log コマンドライン引数：-Djava.protocol.handler.pkgs=org.apache.catalina.webresources
13-Nov-2021 11:43:21.531 情報 [main] org.apache.catalina.startup.VersionLoggerListener.log コマンドライン引数：-Dignore.endorsed.dirs=
13-Nov-2021 11:43:21.531 情報 [main] org.apache.catalina.startup.VersionLoggerListener.log コマンドライン引数：-Dcatalina.base=C:\Users\comna\Desktop\goudouken\keijiban
13-Nov-2021 11:43:21.531 情報 [main] org.apache.catalina.startup.VersionLoggerListener.log コマンドライン引数：-Dcatalina.home=C:\Users\comna\Desktop\goudouken\keijiban
13-Nov-2021 11:43:21.532 情報 [main] org.apache.catalina.startup.VersionLoggerListener.log コマンドライン引数：-Djava.io.tmpdir=C:\Users\comna\Desktop\goudouken\keijiban\temp
13-Nov-2021 11:43:21.532 情報 [main] org.apache.catalina.core.AprLifecycleListener.lifecycleEvent 商用環境に最適な性能を発揮する APR ベースの Tomcat ネイティブライブラリが java.library.path [C:\Program Files\Java\jdk-17\bin;C:\Windows\Sun\Java\bin;C:\Windows\system32;C:\Windows;C:\Program Files\NVIDIA GPU Computing Toolkit\CUDA\v11.3\bin;C:\Program Files\NVIDIA GPU Computing Toolkit\CUDA\v11.3\libnvvp;C:\Program Files\Common Files\Oracle\Java\javapath;C:\Program Files (x86)\Common Files\Oracle\Java\javapath;C:\Program Files\Java\jdk-17\bin;C:\Program Files\Java\jdk1.8.0_281\bin;C:\Windows\system32;C:\Windows;C:\Windows\System32\Wbem;C:\Windows\System32\WindowsPowerShell\v1.0\;C:\Windows\System32\OpenSSH\;C:\Program Files (x86)\NVIDIA Corporation\PhysX\Common;C:\Program Files\NVIDIA Corporation\NVIDIA NvDLISR;C:\Program Files\dotnet\;C:\Program Files\nodejs\;C:\platform-tools_r31.0.3-windows\platform-tools;C:\Users\comna\AppData\Local\Programs\Microsoft VS Code;C:\Program Files\Git\cmd;C:\Program Files\NVIDIA Corporation\Nsight Compute 2021.1.0\;C:\Users\comna\AppData\Local\Programs\Python\Python39\Scripts\;C:\Users\comna\AppData\Local\Programs\Python\Python39\;"C:\Users\comna\AppData\Local\Microsoft\WindowsApps;C:\Program Files\Java\jdk-17\bin";C:\Users\comna\AppData\Local\atom\bin;C:\Users\comna\.dotnet\tools;C:\Users\comna\AppData\Roaming\npm;C:\Users\comna\AppData\Local\Programs\Microsoft VS Code\bin;C:\comsan_created\.ui;C:\Program Files\2019.4.21f1\Editor;C:\pleiades\xampp\mysql\bin;C:\Program Files\heroku\bin;.] に存在しません。
13-Nov-2021 11:43:21.682 情報 [main] org.apache.coyote.AbstractProtocol.init プロトコルハンドラ ["http-nio-8080"] を初期化します。
13-Nov-2021 11:43:21.757 情報 [main] org.apache.coyote.AbstractProtocol.init プロトコルハンドラ ["ajp-nio-8009"] を初期化します。
13-Nov-2021 11:43:21.761 情報 [main] org.apache.catalina.startup.Catalina.load サーバーの初期化 [401]ms
13-Nov-2021 11:43:21.790 情報 [main] org.apache.catalina.core.StandardService.startInternal サービス [Catalina] を起動します
13-Nov-2021 11:43:21.790 情報 [main] org.apache.catalina.core.StandardEngine.startInternal サーブレットエンジンの起動：[Apache Tomcat/9.0.30]
13-Nov-2021 11:43:21.800 情報 [main] org.apache.catalina.startup.HostConfig.deployDirectory Webアプリケーションディレクトリ [C:\Users\comna\Desktop\goudouken\keijiban\webapps\docs] を配備します
13-Nov-2021 11:43:22.261 情報 [main] org.apache.jasper.servlet.TldScanner.scanJars 少なくとも1つのJARが、まだTLDを含んでいないTLDについてスキャンされました。 スキャンしたが、そこにTLDが見つからなかったJARの完全なリストについては、このロガーのデバッグログを有効にしてください。 スキャン中に不要なJARをスキップすると、起動時間とJSPのコンパイル時間が改善されます。
13-Nov-2021 11:43:22.297 情報 [main] org.apache.catalina.startup.HostConfig.deployDirectory ディレクトリ [C:\Users\comna\Desktop\goudouken\keijiban\webapps\docs] の Web アプリケーションの配置は [497] ms で完了しました。
13-Nov-2021 11:43:22.297 情報 [main] org.apache.catalina.startup.HostConfig.deployDirectory Webアプリケーションディレクトリ [C:\Users\comna\Desktop\goudouken\keijiban\webapps\rs_page] を配備します
13-Nov-2021 11:43:22.592 情報 [main] org.apache.jasper.servlet.TldScanner.scanJars 少なくとも1つのJARが、まだTLDを含んでいないTLDについてスキャンされました。 スキャンしたが、そこにTLDが見つからなかったJARの完全なリストについては、このロガーのデバッグログを有効にしてください。 スキャン中に不要なJARをスキップすると、起動時間とJSPのコンパイル時間が改善されます。
13-Nov-2021 11:43:22.606 情報 [main] org.apache.catalina.startup.HostConfig.deployDirectory ディレクトリ [C:\Users\comna\Desktop\goudouken\keijiban\webapps\rs_page] の Web アプリケーションの配置は [309] ms で完了しました。
13-Nov-2021 11:43:22.609 情報 [main] org.apache.coyote.AbstractProtocol.start プロトコルハンドラー ["http-nio-8080"] を開始しました。
13-Nov-2021 11:43:22.615 情報 [main] org.apache.coyote.AbstractProtocol.start プロトコルハンドラー ["ajp-nio-8009"] を開始しました。
13-Nov-2021 11:43:22.618 情報 [main] org.apache.catalina.startup.Catalina.start サーバーの起動 [855]ms
13-Nov-2021 11:43:45.358 情報 [Thread-4] org.apache.coyote.AbstractProtocol.pause ProtocolHandler ["http-nio-8080"] を一時停止します。
13-Nov-2021 11:43:45.369 情報 [Thread-4] org.apache.coyote.AbstractProtocol.pause ProtocolHandler ["ajp-nio-8009"] を一時停止します。
13-Nov-2021 11:43:45.380 情報 [Thread-4] org.apache.catalina.core.StandardService.stopInternal サービス [Catalina] を停止します
13-Nov-2021 11:43:45.391 情報 [Thread-4] org.apache.coyote.AbstractProtocol.stop ProtocolHandler ["http-nio-8080"]の停止中
13-Nov-2021 11:43:45.393 情報 [Thread-4] org.apache.coyote.AbstractProtocol.stop ProtocolHandler ["ajp-nio-8009"]の停止中
13-Nov-2021 11:43:45.393 情報 [Thread-4] org.apache.coyote.AbstractProtocol.destroy ProtocolHandler ["http-nio-8080"] を破棄します。
13-Nov-2021 11:43:45.394 情報 [Thread-4] org.apache.coyote.AbstractProtocol.destroy ProtocolHandler ["ajp-nio-8009"] を破棄します。
