16-Nov-2021 19:25:56.437 情報 [main] org.apache.catalina.startup.VersionLoggerListener.log Serverのバージョン名：Apache Tomcat/9.0.30
16-Nov-2021 19:25:56.442 情報 [main] org.apache.catalina.startup.VersionLoggerListener.log Server ビルド:          Dec 7 2019 16:42:04 UTC
16-Nov-2021 19:25:56.443 情報 [main] org.apache.catalina.startup.VersionLoggerListener.log サーバーのバージョン番号：9.0.30.0
16-Nov-2021 19:25:56.444 情報 [main] org.apache.catalina.startup.VersionLoggerListener.log OS 名:               Windows 10
16-Nov-2021 19:25:56.444 情報 [main] org.apache.catalina.startup.VersionLoggerListener.log OS バージョン:            10.0
16-Nov-2021 19:25:56.444 情報 [main] org.apache.catalina.startup.VersionLoggerListener.log アーキテクチャ:          amd64
16-Nov-2021 19:25:56.444 情報 [main] org.apache.catalina.startup.VersionLoggerListener.log Java Home:             C:\Program Files\Java\jdk-17
16-Nov-2021 19:25:56.445 情報 [main] org.apache.catalina.startup.VersionLoggerListener.log JVM バージョン:           17+35-LTS-2724
16-Nov-2021 19:25:56.445 情報 [main] org.apache.catalina.startup.VersionLoggerListener.log JVM ベンダ：            Oracle Corporation
16-Nov-2021 19:25:56.445 情報 [main] org.apache.catalina.startup.VersionLoggerListener.log CATALINA_BASE:         C:\Users\comna\Desktop\goudouken\keijiban
16-Nov-2021 19:25:56.445 情報 [main] org.apache.catalina.startup.VersionLoggerListener.log CATALINA_HOME:         C:\Users\comna\Desktop\goudouken\keijiban
16-Nov-2021 19:25:56.453 情報 [main] org.apache.catalina.startup.VersionLoggerListener.log コマンドライン引数：--add-opens=java.base/java.lang=ALL-UNNAMED
16-Nov-2021 19:25:56.459 情報 [main] org.apache.catalina.startup.VersionLoggerListener.log コマンドライン引数：--add-opens=java.base/java.io=ALL-UNNAMED
16-Nov-2021 19:25:56.460 情報 [main] org.apache.catalina.startup.VersionLoggerListener.log コマンドライン引数：--add-opens=java.rmi/sun.rmi.transport=ALL-UNNAMED
16-Nov-2021 19:25:56.460 情報 [main] org.apache.catalina.startup.VersionLoggerListener.log コマンドライン引数：-Djava.util.logging.config.file=C:\Users\comna\Desktop\goudouken\keijiban\conf\logging.properties
16-Nov-2021 19:25:56.460 情報 [main] org.apache.catalina.startup.VersionLoggerListener.log コマンドライン引数：-Djava.util.logging.manager=org.apache.juli.ClassLoaderLogManager
16-Nov-2021 19:25:56.461 情報 [main] org.apache.catalina.startup.VersionLoggerListener.log コマンドライン引数：-Djdk.tls.ephemeralDHKeySize=2048
16-Nov-2021 19:25:56.461 情報 [main] org.apache.catalina.startup.VersionLoggerListener.log コマンドライン引数：-Djava.protocol.handler.pkgs=org.apache.catalina.webresources
16-Nov-2021 19:25:56.462 情報 [main] org.apache.catalina.startup.VersionLoggerListener.log コマンドライン引数：-Dignore.endorsed.dirs=
16-Nov-2021 19:25:56.462 情報 [main] org.apache.catalina.startup.VersionLoggerListener.log コマンドライン引数：-Dcatalina.base=C:\Users\comna\Desktop\goudouken\keijiban
16-Nov-2021 19:25:56.463 情報 [main] org.apache.catalina.startup.VersionLoggerListener.log コマンドライン引数：-Dcatalina.home=C:\Users\comna\Desktop\goudouken\keijiban
16-Nov-2021 19:25:56.463 情報 [main] org.apache.catalina.startup.VersionLoggerListener.log コマンドライン引数：-Djava.io.tmpdir=C:\Users\comna\Desktop\goudouken\keijiban\temp
16-Nov-2021 19:25:56.464 情報 [main] org.apache.catalina.core.AprLifecycleListener.lifecycleEvent 商用環境に最適な性能を発揮する APR ベースの Tomcat ネイティブライブラリが java.library.path [C:\Program Files\Java\jdk-17\bin;C:\Windows\Sun\Java\bin;C:\Windows\system32;C:\Windows;C:\Program Files\NVIDIA GPU Computing Toolkit\CUDA\v11.3\bin;C:\Program Files\NVIDIA GPU Computing Toolkit\CUDA\v11.3\libnvvp;C:\Program Files\Common Files\Oracle\Java\javapath;C:\Program Files (x86)\Common Files\Oracle\Java\javapath;C:\Program Files\Java\jdk-17\bin;C:\Program Files\Java\jdk1.8.0_281\bin;C:\Windows\system32;C:\Windows;C:\Windows\System32\Wbem;C:\Windows\System32\WindowsPowerShell\v1.0\;C:\Windows\System32\OpenSSH\;C:\Program Files (x86)\NVIDIA Corporation\PhysX\Common;C:\Program Files\NVIDIA Corporation\NVIDIA NvDLISR;C:\Program Files\dotnet\;C:\Program Files\nodejs\;C:\platform-tools_r31.0.3-windows\platform-tools;C:\Users\comna\AppData\Local\Programs\Microsoft VS Code;C:\Program Files\Git\cmd;C:\Program Files\NVIDIA Corporation\Nsight Compute 2021.1.0\;C:\Gengo\bat;C:\Users\comna\AppData\Local\Programs\Python\Python39\Scripts\;C:\Users\comna\AppData\Local\Programs\Python\Python39\;"C:\Users\comna\AppData\Local\Microsoft\WindowsApps;C:\Program Files\Java\jdk-17\bin";C:\Users\comna\AppData\Local\atom\bin;C:\Users\comna\.dotnet\tools;C:\Users\comna\AppData\Roaming\npm;C:\Users\comna\AppData\Local\Programs\Microsoft VS Code\bin;C:\comsan_created\.ui;C:\Program Files\2019.4.21f1\Editor;C:\pleiades\xampp\mysql\bin;C:\Program Files\heroku\bin;;.] に存在しません。
16-Nov-2021 19:25:56.615 情報 [main] org.apache.coyote.AbstractProtocol.init プロトコルハンドラ ["http-nio-8080"] を初期化します。
16-Nov-2021 19:25:56.693 情報 [main] org.apache.coyote.AbstractProtocol.init プロトコルハンドラ ["ajp-nio-8009"] を初期化します。
16-Nov-2021 19:25:56.698 情報 [main] org.apache.catalina.startup.Catalina.load サーバーの初期化 [406]ms
16-Nov-2021 19:25:56.725 情報 [main] org.apache.catalina.core.StandardService.startInternal サービス [Catalina] を起動します
16-Nov-2021 19:25:56.725 情報 [main] org.apache.catalina.core.StandardEngine.startInternal サーブレットエンジンの起動：[Apache Tomcat/9.0.30]
16-Nov-2021 19:25:56.735 情報 [main] org.apache.catalina.startup.HostConfig.deployDirectory Webアプリケーションディレクトリ [C:\Users\comna\Desktop\goudouken\keijiban\webapps\docs] を配備します
16-Nov-2021 19:25:57.199 情報 [main] org.apache.jasper.servlet.TldScanner.scanJars 少なくとも1つのJARが、まだTLDを含んでいないTLDについてスキャンされました。 スキャンしたが、そこにTLDが見つからなかったJARの完全なリストについては、このロガーのデバッグログを有効にしてください。 スキャン中に不要なJARをスキップすると、起動時間とJSPのコンパイル時間が改善されます。
16-Nov-2021 19:25:57.244 情報 [main] org.apache.catalina.startup.HostConfig.deployDirectory ディレクトリ [C:\Users\comna\Desktop\goudouken\keijiban\webapps\docs] の Web アプリケーションの配置は [509] ms で完了しました。
16-Nov-2021 19:25:57.244 情報 [main] org.apache.catalina.startup.HostConfig.deployDirectory Webアプリケーションディレクトリ [C:\Users\comna\Desktop\goudouken\keijiban\webapps\rs_page] を配備します
16-Nov-2021 19:25:57.531 情報 [main] org.apache.jasper.servlet.TldScanner.scanJars 少なくとも1つのJARが、まだTLDを含んでいないTLDについてスキャンされました。 スキャンしたが、そこにTLDが見つからなかったJARの完全なリストについては、このロガーのデバッグログを有効にしてください。 スキャン中に不要なJARをスキップすると、起動時間とJSPのコンパイル時間が改善されます。
16-Nov-2021 19:25:57.538 情報 [main] org.apache.catalina.startup.HostConfig.deployDirectory ディレクトリ [C:\Users\comna\Desktop\goudouken\keijiban\webapps\rs_page] の Web アプリケーションの配置は [294] ms で完了しました。
16-Nov-2021 19:25:57.540 情報 [main] org.apache.coyote.AbstractProtocol.start プロトコルハンドラー ["http-nio-8080"] を開始しました。
16-Nov-2021 19:25:57.547 情報 [main] org.apache.coyote.AbstractProtocol.start プロトコルハンドラー ["ajp-nio-8009"] を開始しました。
16-Nov-2021 19:25:57.549 情報 [main] org.apache.catalina.startup.Catalina.start サーバーの起動 [850]ms
16-Nov-2021 20:56:56.516 情報 [Thread-4] org.apache.coyote.AbstractProtocol.pause ProtocolHandler ["http-nio-8080"] を一時停止します。
16-Nov-2021 20:56:56.529 情報 [Thread-4] org.apache.coyote.AbstractProtocol.pause ProtocolHandler ["ajp-nio-8009"] を一時停止します。
16-Nov-2021 20:56:56.542 情報 [Thread-4] org.apache.catalina.core.StandardService.stopInternal サービス [Catalina] を停止します
16-Nov-2021 20:56:56.557 情報 [Thread-4] org.apache.coyote.AbstractProtocol.stop ProtocolHandler ["http-nio-8080"]の停止中
16-Nov-2021 20:56:56.559 情報 [Thread-4] org.apache.coyote.AbstractProtocol.stop ProtocolHandler ["ajp-nio-8009"]の停止中
16-Nov-2021 20:56:56.559 情報 [Thread-4] org.apache.coyote.AbstractProtocol.destroy ProtocolHandler ["http-nio-8080"] を破棄します。
16-Nov-2021 20:56:56.560 情報 [Thread-4] org.apache.coyote.AbstractProtocol.destroy ProtocolHandler ["ajp-nio-8009"] を破棄します。
16-Nov-2021 21:35:31.539 情報 [main] org.apache.catalina.startup.VersionLoggerListener.log Serverのバージョン名：Apache Tomcat/9.0.30
16-Nov-2021 21:35:31.542 情報 [main] org.apache.catalina.startup.VersionLoggerListener.log Server ビルド:          Dec 7 2019 16:42:04 UTC
16-Nov-2021 21:35:31.543 情報 [main] org.apache.catalina.startup.VersionLoggerListener.log サーバーのバージョン番号：9.0.30.0
16-Nov-2021 21:35:31.543 情報 [main] org.apache.catalina.startup.VersionLoggerListener.log OS 名:               Windows 10
16-Nov-2021 21:35:31.544 情報 [main] org.apache.catalina.startup.VersionLoggerListener.log OS バージョン:            10.0
16-Nov-2021 21:35:31.544 情報 [main] org.apache.catalina.startup.VersionLoggerListener.log アーキテクチャ:          amd64
16-Nov-2021 21:35:31.544 情報 [main] org.apache.catalina.startup.VersionLoggerListener.log Java Home:             C:\Program Files\Java\jdk-17
16-Nov-2021 21:35:31.544 情報 [main] org.apache.catalina.startup.VersionLoggerListener.log JVM バージョン:           17+35-LTS-2724
16-Nov-2021 21:35:31.544 情報 [main] org.apache.catalina.startup.VersionLoggerListener.log JVM ベンダ：            Oracle Corporation
16-Nov-2021 21:35:31.545 情報 [main] org.apache.catalina.startup.VersionLoggerListener.log CATALINA_BASE:         C:\Users\comna\Desktop\goudouken\keijiban
16-Nov-2021 21:35:31.545 情報 [main] org.apache.catalina.startup.VersionLoggerListener.log CATALINA_HOME:         C:\Users\comna\Desktop\goudouken\keijiban
16-Nov-2021 21:35:31.554 情報 [main] org.apache.catalina.startup.VersionLoggerListener.log コマンドライン引数：--add-opens=java.base/java.lang=ALL-UNNAMED
16-Nov-2021 21:35:31.554 情報 [main] org.apache.catalina.startup.VersionLoggerListener.log コマンドライン引数：--add-opens=java.base/java.io=ALL-UNNAMED
16-Nov-2021 21:35:31.554 情報 [main] org.apache.catalina.startup.VersionLoggerListener.log コマンドライン引数：--add-opens=java.rmi/sun.rmi.transport=ALL-UNNAMED
16-Nov-2021 21:35:31.554 情報 [main] org.apache.catalina.startup.VersionLoggerListener.log コマンドライン引数：-Djava.util.logging.config.file=C:\Users\comna\Desktop\goudouken\keijiban\conf\logging.properties
16-Nov-2021 21:35:31.555 情報 [main] org.apache.catalina.startup.VersionLoggerListener.log コマンドライン引数：-Djava.util.logging.manager=org.apache.juli.ClassLoaderLogManager
16-Nov-2021 21:35:31.555 情報 [main] org.apache.catalina.startup.VersionLoggerListener.log コマンドライン引数：-Djdk.tls.ephemeralDHKeySize=2048
16-Nov-2021 21:35:31.556 情報 [main] org.apache.catalina.startup.VersionLoggerListener.log コマンドライン引数：-Djava.protocol.handler.pkgs=org.apache.catalina.webresources
16-Nov-2021 21:35:31.556 情報 [main] org.apache.catalina.startup.VersionLoggerListener.log コマンドライン引数：-Dignore.endorsed.dirs=
16-Nov-2021 21:35:31.557 情報 [main] org.apache.catalina.startup.VersionLoggerListener.log コマンドライン引数：-Dcatalina.base=C:\Users\comna\Desktop\goudouken\keijiban
16-Nov-2021 21:35:31.557 情報 [main] org.apache.catalina.startup.VersionLoggerListener.log コマンドライン引数：-Dcatalina.home=C:\Users\comna\Desktop\goudouken\keijiban
16-Nov-2021 21:35:31.559 情報 [main] org.apache.catalina.startup.VersionLoggerListener.log コマンドライン引数：-Djava.io.tmpdir=C:\Users\comna\Desktop\goudouken\keijiban\temp
16-Nov-2021 21:35:31.559 情報 [main] org.apache.catalina.core.AprLifecycleListener.lifecycleEvent 商用環境に最適な性能を発揮する APR ベースの Tomcat ネイティブライブラリが java.library.path [C:\Program Files\Java\jdk-17\bin;C:\Windows\Sun\Java\bin;C:\Windows\system32;C:\Windows;C:\Program Files\NVIDIA GPU Computing Toolkit\CUDA\v11.3\bin;C:\Program Files\NVIDIA GPU Computing Toolkit\CUDA\v11.3\libnvvp;C:\Program Files\Common Files\Oracle\Java\javapath;C:\Program Files (x86)\Common Files\Oracle\Java\javapath;C:\Program Files\Java\jdk-17\bin;C:\Program Files\Java\jdk1.8.0_281\bin;C:\Windows\system32;C:\Windows;C:\Windows\System32\Wbem;C:\Windows\System32\WindowsPowerShell\v1.0\;C:\Windows\System32\OpenSSH\;C:\Program Files (x86)\NVIDIA Corporation\PhysX\Common;C:\Program Files\NVIDIA Corporation\NVIDIA NvDLISR;C:\Program Files\dotnet\;C:\Program Files\nodejs\;C:\platform-tools_r31.0.3-windows\platform-tools;C:\Users\comna\AppData\Local\Programs\Microsoft VS Code;C:\Program Files\Git\cmd;C:\Program Files\NVIDIA Corporation\Nsight Compute 2021.1.0\;C:\Gengo\bat;C:\Users\comna\AppData\Local\Programs\Python\Python39\Scripts\;C:\Users\comna\AppData\Local\Programs\Python\Python39\;"C:\Users\comna\AppData\Local\Microsoft\WindowsApps;C:\Program Files\Java\jdk-17\bin";C:\Users\comna\AppData\Local\atom\bin;C:\Users\comna\.dotnet\tools;C:\Users\comna\AppData\Roaming\npm;C:\Users\comna\AppData\Local\Programs\Microsoft VS Code\bin;C:\comsan_created\.ui;C:\Program Files\2019.4.21f1\Editor;C:\pleiades\xampp\mysql\bin;C:\Program Files\heroku\bin;;.] に存在しません。
16-Nov-2021 21:35:31.717 情報 [main] org.apache.coyote.AbstractProtocol.init プロトコルハンドラ ["http-nio-8080"] を初期化します。
16-Nov-2021 21:35:31.800 情報 [main] org.apache.coyote.AbstractProtocol.init プロトコルハンドラ ["ajp-nio-8009"] を初期化します。
16-Nov-2021 21:35:31.804 情報 [main] org.apache.catalina.startup.Catalina.load サーバーの初期化 [422]ms
16-Nov-2021 21:35:31.833 情報 [main] org.apache.catalina.core.StandardService.startInternal サービス [Catalina] を起動します
16-Nov-2021 21:35:31.834 情報 [main] org.apache.catalina.core.StandardEngine.startInternal サーブレットエンジンの起動：[Apache Tomcat/9.0.30]
16-Nov-2021 21:35:31.846 情報 [main] org.apache.catalina.startup.HostConfig.deployDirectory Webアプリケーションディレクトリ [C:\Users\comna\Desktop\goudouken\keijiban\webapps\docs] を配備します
16-Nov-2021 21:35:32.324 情報 [main] org.apache.jasper.servlet.TldScanner.scanJars 少なくとも1つのJARが、まだTLDを含んでいないTLDについてスキャンされました。 スキャンしたが、そこにTLDが見つからなかったJARの完全なリストについては、このロガーのデバッグログを有効にしてください。 スキャン中に不要なJARをスキップすると、起動時間とJSPのコンパイル時間が改善されます。
16-Nov-2021 21:35:32.369 情報 [main] org.apache.catalina.startup.HostConfig.deployDirectory ディレクトリ [C:\Users\comna\Desktop\goudouken\keijiban\webapps\docs] の Web アプリケーションの配置は [523] ms で完了しました。
16-Nov-2021 21:35:32.369 情報 [main] org.apache.catalina.startup.HostConfig.deployDirectory Webアプリケーションディレクトリ [C:\Users\comna\Desktop\goudouken\keijiban\webapps\rs_page] を配備します
16-Nov-2021 21:35:32.678 情報 [main] org.apache.jasper.servlet.TldScanner.scanJars 少なくとも1つのJARが、まだTLDを含んでいないTLDについてスキャンされました。 スキャンしたが、そこにTLDが見つからなかったJARの完全なリストについては、このロガーのデバッグログを有効にしてください。 スキャン中に不要なJARをスキップすると、起動時間とJSPのコンパイル時間が改善されます。
16-Nov-2021 21:35:32.686 情報 [main] org.apache.catalina.startup.HostConfig.deployDirectory ディレクトリ [C:\Users\comna\Desktop\goudouken\keijiban\webapps\rs_page] の Web アプリケーションの配置は [316] ms で完了しました。
16-Nov-2021 21:35:32.688 情報 [main] org.apache.coyote.AbstractProtocol.start プロトコルハンドラー ["http-nio-8080"] を開始しました。
16-Nov-2021 21:35:32.694 情報 [main] org.apache.coyote.AbstractProtocol.start プロトコルハンドラー ["ajp-nio-8009"] を開始しました。
16-Nov-2021 21:35:32.697 情報 [main] org.apache.catalina.startup.Catalina.start サーバーの起動 [892]ms
16-Nov-2021 22:06:34.858 情報 [Thread-4] org.apache.coyote.AbstractProtocol.pause ProtocolHandler ["http-nio-8080"] を一時停止します。
16-Nov-2021 22:06:34.871 情報 [Thread-4] org.apache.coyote.AbstractProtocol.pause ProtocolHandler ["ajp-nio-8009"] を一時停止します。
16-Nov-2021 22:06:34.885 情報 [Thread-4] org.apache.catalina.core.StandardService.stopInternal サービス [Catalina] を停止します
16-Nov-2021 22:06:34.893 情報 [Thread-4] org.apache.coyote.AbstractProtocol.stop ProtocolHandler ["http-nio-8080"]の停止中
16-Nov-2021 22:06:34.894 情報 [Thread-4] org.apache.coyote.AbstractProtocol.stop ProtocolHandler ["ajp-nio-8009"]の停止中
16-Nov-2021 22:06:34.895 情報 [Thread-4] org.apache.coyote.AbstractProtocol.destroy ProtocolHandler ["http-nio-8080"] を破棄します。
16-Nov-2021 22:06:34.896 情報 [Thread-4] org.apache.coyote.AbstractProtocol.destroy ProtocolHandler ["ajp-nio-8009"] を破棄します。
16-Nov-2021 22:32:55.347 情報 [main] org.apache.catalina.startup.VersionLoggerListener.log Serverのバージョン名：Apache Tomcat/9.0.30
16-Nov-2021 22:32:55.351 情報 [main] org.apache.catalina.startup.VersionLoggerListener.log Server ビルド:          Dec 7 2019 16:42:04 UTC
16-Nov-2021 22:32:55.352 情報 [main] org.apache.catalina.startup.VersionLoggerListener.log サーバーのバージョン番号：9.0.30.0
16-Nov-2021 22:32:55.353 情報 [main] org.apache.catalina.startup.VersionLoggerListener.log OS 名:               Windows 10
16-Nov-2021 22:32:55.353 情報 [main] org.apache.catalina.startup.VersionLoggerListener.log OS バージョン:            10.0
16-Nov-2021 22:32:55.353 情報 [main] org.apache.catalina.startup.VersionLoggerListener.log アーキテクチャ:          amd64
16-Nov-2021 22:32:55.353 情報 [main] org.apache.catalina.startup.VersionLoggerListener.log Java Home:             C:\Program Files\Java\jdk-17
16-Nov-2021 22:32:55.354 情報 [main] org.apache.catalina.startup.VersionLoggerListener.log JVM バージョン:           17+35-LTS-2724
16-Nov-2021 22:32:55.354 情報 [main] org.apache.catalina.startup.VersionLoggerListener.log JVM ベンダ：            Oracle Corporation
16-Nov-2021 22:32:55.354 情報 [main] org.apache.catalina.startup.VersionLoggerListener.log CATALINA_BASE:         C:\Users\comna\Desktop\goudouken\keijiban
16-Nov-2021 22:32:55.354 情報 [main] org.apache.catalina.startup.VersionLoggerListener.log CATALINA_HOME:         C:\Users\comna\Desktop\goudouken\keijiban
16-Nov-2021 22:32:55.361 情報 [main] org.apache.catalina.startup.VersionLoggerListener.log コマンドライン引数：--add-opens=java.base/java.lang=ALL-UNNAMED
16-Nov-2021 22:32:55.362 情報 [main] org.apache.catalina.startup.VersionLoggerListener.log コマンドライン引数：--add-opens=java.base/java.io=ALL-UNNAMED
16-Nov-2021 22:32:55.362 情報 [main] org.apache.catalina.startup.VersionLoggerListener.log コマンドライン引数：--add-opens=java.rmi/sun.rmi.transport=ALL-UNNAMED
16-Nov-2021 22:32:55.362 情報 [main] org.apache.catalina.startup.VersionLoggerListener.log コマンドライン引数：-Djava.util.logging.config.file=C:\Users\comna\Desktop\goudouken\keijiban\conf\logging.properties
16-Nov-2021 22:32:55.362 情報 [main] org.apache.catalina.startup.VersionLoggerListener.log コマンドライン引数：-Djava.util.logging.manager=org.apache.juli.ClassLoaderLogManager
16-Nov-2021 22:32:55.363 情報 [main] org.apache.catalina.startup.VersionLoggerListener.log コマンドライン引数：-Djdk.tls.ephemeralDHKeySize=2048
16-Nov-2021 22:32:55.363 情報 [main] org.apache.catalina.startup.VersionLoggerListener.log コマンドライン引数：-Djava.protocol.handler.pkgs=org.apache.catalina.webresources
16-Nov-2021 22:32:55.364 情報 [main] org.apache.catalina.startup.VersionLoggerListener.log コマンドライン引数：-Dignore.endorsed.dirs=
16-Nov-2021 22:32:55.364 情報 [main] org.apache.catalina.startup.VersionLoggerListener.log コマンドライン引数：-Dcatalina.base=C:\Users\comna\Desktop\goudouken\keijiban
16-Nov-2021 22:32:55.364 情報 [main] org.apache.catalina.startup.VersionLoggerListener.log コマンドライン引数：-Dcatalina.home=C:\Users\comna\Desktop\goudouken\keijiban
16-Nov-2021 22:32:55.365 情報 [main] org.apache.catalina.startup.VersionLoggerListener.log コマンドライン引数：-Djava.io.tmpdir=C:\Users\comna\Desktop\goudouken\keijiban\temp
16-Nov-2021 22:32:55.365 情報 [main] org.apache.catalina.core.AprLifecycleListener.lifecycleEvent 商用環境に最適な性能を発揮する APR ベースの Tomcat ネイティブライブラリが java.library.path [C:\Program Files\Java\jdk-17\bin;C:\Windows\Sun\Java\bin;C:\Windows\system32;C:\Windows;C:\Program Files\NVIDIA GPU Computing Toolkit\CUDA\v11.3\bin;C:\Program Files\NVIDIA GPU Computing Toolkit\CUDA\v11.3\libnvvp;C:\Program Files\Common Files\Oracle\Java\javapath;C:\Program Files (x86)\Common Files\Oracle\Java\javapath;C:\Program Files\Java\jdk-17\bin;C:\Program Files\Java\jdk1.8.0_281\bin;C:\Windows\system32;C:\Windows;C:\Windows\System32\Wbem;C:\Windows\System32\WindowsPowerShell\v1.0\;C:\Windows\System32\OpenSSH\;C:\Program Files (x86)\NVIDIA Corporation\PhysX\Common;C:\Program Files\NVIDIA Corporation\NVIDIA NvDLISR;C:\Program Files\dotnet\;C:\Program Files\nodejs\;C:\platform-tools_r31.0.3-windows\platform-tools;C:\Users\comna\AppData\Local\Programs\Microsoft VS Code;C:\Program Files\Git\cmd;C:\Program Files\NVIDIA Corporation\Nsight Compute 2021.1.0\;C:\Users\comna\Desktop\goudouken\keijiban\bin;C:\Gengo\bat;C:\Users\comna\AppData\Local\Programs\Python\Python39\Scripts\;C:\Users\comna\AppData\Local\Programs\Python\Python39\;"C:\Users\comna\AppData\Local\Microsoft\WindowsApps;C:\Program Files\Java\jdk-17\bin";C:\Users\comna\AppData\Local\atom\bin;C:\Users\comna\.dotnet\tools;C:\Users\comna\AppData\Roaming\npm;C:\Users\comna\AppData\Local\Programs\Microsoft VS Code\bin;C:\comsan_created\.ui;C:\Program Files\2019.4.21f1\Editor;C:\pleiades\xampp\mysql\bin;C:\Program Files\heroku\bin;;.] に存在しません。
16-Nov-2021 22:32:55.525 情報 [main] org.apache.coyote.AbstractProtocol.init プロトコルハンドラ ["http-nio-8080"] を初期化します。
16-Nov-2021 22:32:55.604 情報 [main] org.apache.coyote.AbstractProtocol.init プロトコルハンドラ ["ajp-nio-8009"] を初期化します。
16-Nov-2021 22:32:55.608 情報 [main] org.apache.catalina.startup.Catalina.load サーバーの初期化 [417]ms
16-Nov-2021 22:32:55.639 情報 [main] org.apache.catalina.core.StandardService.startInternal サービス [Catalina] を起動します
16-Nov-2021 22:32:55.640 情報 [main] org.apache.catalina.core.StandardEngine.startInternal サーブレットエンジンの起動：[Apache Tomcat/9.0.30]
16-Nov-2021 22:32:55.651 情報 [main] org.apache.catalina.startup.HostConfig.deployDirectory Webアプリケーションディレクトリ [C:\Users\comna\Desktop\goudouken\keijiban\webapps\docs] を配備します
16-Nov-2021 22:32:56.119 情報 [main] org.apache.jasper.servlet.TldScanner.scanJars 少なくとも1つのJARが、まだTLDを含んでいないTLDについてスキャンされました。 スキャンしたが、そこにTLDが見つからなかったJARの完全なリストについては、このロガーのデバッグログを有効にしてください。 スキャン中に不要なJARをスキップすると、起動時間とJSPのコンパイル時間が改善されます。
16-Nov-2021 22:32:56.158 情報 [main] org.apache.catalina.startup.HostConfig.deployDirectory ディレクトリ [C:\Users\comna\Desktop\goudouken\keijiban\webapps\docs] の Web アプリケーションの配置は [507] ms で完了しました。
16-Nov-2021 22:32:56.158 情報 [main] org.apache.catalina.startup.HostConfig.deployDirectory Webアプリケーションディレクトリ [C:\Users\comna\Desktop\goudouken\keijiban\webapps\rs_page] を配備します
16-Nov-2021 22:32:56.447 情報 [main] org.apache.jasper.servlet.TldScanner.scanJars 少なくとも1つのJARが、まだTLDを含んでいないTLDについてスキャンされました。 スキャンしたが、そこにTLDが見つからなかったJARの完全なリストについては、このロガーのデバッグログを有効にしてください。 スキャン中に不要なJARをスキップすると、起動時間とJSPのコンパイル時間が改善されます。
16-Nov-2021 22:32:56.452 情報 [main] org.apache.catalina.startup.HostConfig.deployDirectory ディレクトリ [C:\Users\comna\Desktop\goudouken\keijiban\webapps\rs_page] の Web アプリケーションの配置は [294] ms で完了しました。
16-Nov-2021 22:32:56.454 情報 [main] org.apache.coyote.AbstractProtocol.start プロトコルハンドラー ["http-nio-8080"] を開始しました。
16-Nov-2021 22:32:56.462 情報 [main] org.apache.coyote.AbstractProtocol.start プロトコルハンドラー ["ajp-nio-8009"] を開始しました。
16-Nov-2021 22:32:56.464 情報 [main] org.apache.catalina.startup.Catalina.start サーバーの起動 [855]ms
16-Nov-2021 23:55:21.110 情報 [Thread-4] org.apache.coyote.AbstractProtocol.pause ProtocolHandler ["http-nio-8080"] を一時停止します。
16-Nov-2021 23:55:21.124 情報 [Thread-4] org.apache.coyote.AbstractProtocol.pause ProtocolHandler ["ajp-nio-8009"] を一時停止します。
16-Nov-2021 23:55:21.136 情報 [Thread-4] org.apache.catalina.core.StandardService.stopInternal サービス [Catalina] を停止します
16-Nov-2021 23:55:21.151 情報 [Thread-4] org.apache.coyote.AbstractProtocol.stop ProtocolHandler ["http-nio-8080"]の停止中
16-Nov-2021 23:55:21.152 情報 [Thread-4] org.apache.coyote.AbstractProtocol.stop ProtocolHandler ["ajp-nio-8009"]の停止中
16-Nov-2021 23:55:21.153 情報 [Thread-4] org.apache.coyote.AbstractProtocol.destroy ProtocolHandler ["http-nio-8080"] を破棄します。
16-Nov-2021 23:55:21.155 情報 [Thread-4] org.apache.coyote.AbstractProtocol.destroy ProtocolHandler ["ajp-nio-8009"] を破棄します。
