15-Oct-2021 15:17:25.896 情報 [main] org.apache.catalina.startup.VersionLoggerListener.log Serverのバージョン名：Apache Tomcat/9.0.30
15-Oct-2021 15:17:25.900 情報 [main] org.apache.catalina.startup.VersionLoggerListener.log Server ビルド:          Dec 7 2019 16:42:04 UTC
15-Oct-2021 15:17:25.902 情報 [main] org.apache.catalina.startup.VersionLoggerListener.log サーバーのバージョン番号：9.0.30.0
15-Oct-2021 15:17:25.902 情報 [main] org.apache.catalina.startup.VersionLoggerListener.log OS 名:               Windows 10
15-Oct-2021 15:17:25.902 情報 [main] org.apache.catalina.startup.VersionLoggerListener.log OS バージョン:            10.0
15-Oct-2021 15:17:25.903 情報 [main] org.apache.catalina.startup.VersionLoggerListener.log アーキテクチャ:          amd64
15-Oct-2021 15:17:25.903 情報 [main] org.apache.catalina.startup.VersionLoggerListener.log Java Home:             C:\Program Files\Java\jdk-17
15-Oct-2021 15:17:25.903 情報 [main] org.apache.catalina.startup.VersionLoggerListener.log JVM バージョン:           17+35-LTS-2724
15-Oct-2021 15:17:25.903 情報 [main] org.apache.catalina.startup.VersionLoggerListener.log JVM ベンダ：            Oracle Corporation
15-Oct-2021 15:17:25.903 情報 [main] org.apache.catalina.startup.VersionLoggerListener.log CATALINA_BASE:         C:\pleiades\tomcat\9
15-Oct-2021 15:17:25.903 情報 [main] org.apache.catalina.startup.VersionLoggerListener.log CATALINA_HOME:         C:\pleiades\tomcat\9
15-Oct-2021 15:17:25.914 情報 [main] org.apache.catalina.startup.VersionLoggerListener.log コマンドライン引数：--add-opens=java.base/java.lang=ALL-UNNAMED
15-Oct-2021 15:17:25.921 情報 [main] org.apache.catalina.startup.VersionLoggerListener.log コマンドライン引数：--add-opens=java.base/java.io=ALL-UNNAMED
15-Oct-2021 15:17:25.922 情報 [main] org.apache.catalina.startup.VersionLoggerListener.log コマンドライン引数：--add-opens=java.rmi/sun.rmi.transport=ALL-UNNAMED
15-Oct-2021 15:17:25.922 情報 [main] org.apache.catalina.startup.VersionLoggerListener.log コマンドライン引数：-Djava.util.logging.config.file=C:\pleiades\tomcat\9\conf\logging.properties
15-Oct-2021 15:17:25.922 情報 [main] org.apache.catalina.startup.VersionLoggerListener.log コマンドライン引数：-Djava.util.logging.manager=org.apache.juli.ClassLoaderLogManager
15-Oct-2021 15:17:25.923 情報 [main] org.apache.catalina.startup.VersionLoggerListener.log コマンドライン引数：-Djdk.tls.ephemeralDHKeySize=2048
15-Oct-2021 15:17:25.923 情報 [main] org.apache.catalina.startup.VersionLoggerListener.log コマンドライン引数：-Djava.protocol.handler.pkgs=org.apache.catalina.webresources
15-Oct-2021 15:17:25.924 情報 [main] org.apache.catalina.startup.VersionLoggerListener.log コマンドライン引数：-Dignore.endorsed.dirs=
15-Oct-2021 15:17:25.924 情報 [main] org.apache.catalina.startup.VersionLoggerListener.log コマンドライン引数：-Dcatalina.base=C:\pleiades\tomcat\9
15-Oct-2021 15:17:25.924 情報 [main] org.apache.catalina.startup.VersionLoggerListener.log コマンドライン引数：-Dcatalina.home=C:\pleiades\tomcat\9
15-Oct-2021 15:17:25.924 情報 [main] org.apache.catalina.startup.VersionLoggerListener.log コマンドライン引数：-Djava.io.tmpdir=C:\pleiades\tomcat\9\temp
15-Oct-2021 15:17:25.924 情報 [main] org.apache.catalina.core.AprLifecycleListener.lifecycleEvent 商用環境に最適な性能を発揮する APR ベースの Tomcat ネイティブライブラリが java.library.path [C:\Program Files\Java\jdk-17\bin;C:\Windows\Sun\Java\bin;C:\Windows\system32;C:\Windows;C:\Program Files\Common Files\Oracle\Java\javapath;C:\Program Files (x86)\Common Files\Oracle\Java\javapath;C:\Program Files\Java\jdk-17\bin;C:\Program Files\Java\jdk1.8.0_281\bin;C:\Windows\system32;C:\Windows;C:\Windows\System32\Wbem;C:\Windows\System32\WindowsPowerShell\v1.0\;C:\Windows\System32\OpenSSH\;C:\Program Files (x86)\NVIDIA Corporation\PhysX\Common;C:\Program Files\NVIDIA Corporation\NVIDIA NvDLISR;C:\Program Files\dotnet\;C:\Program Files\nodejs\;C:\platform-tools_r31.0.3-windows\platform-tools;C:\Users\comna\AppData\Local\Programs\Microsoft VS Code;C:\Program Files\Git\cmd;C:\Users\comna\AppData\Local\Programs\Python\Python38\Scripts\;C:\Users\comna\AppData\Local\Programs\Python\Python38\;"C:\Users\comna\AppData\Local\Microsoft\WindowsApps;C:\Program Files\Java\jdk-17\bin";C:\Users\comna\AppData\Local\atom\bin;C:\Users\comna\.dotnet\tools;C:\Users\comna\AppData\Roaming\npm;C:\Users\comna\AppData\Local\Programs\Microsoft VS Code\bin;C:\comsan_created\.ui;C:\Program Files\2019.4.21f1\Editor;C:\pleiades\xampp\mysql\bin;;.] に存在しません。
15-Oct-2021 15:17:26.111 情報 [main] org.apache.coyote.AbstractProtocol.init プロトコルハンドラ ["http-nio-8080"] を初期化します。
15-Oct-2021 15:17:26.217 情報 [main] org.apache.coyote.AbstractProtocol.init プロトコルハンドラ ["ajp-nio-8009"] を初期化します。
15-Oct-2021 15:17:26.223 情報 [main] org.apache.catalina.startup.Catalina.load サーバーの初期化 [509]ms
15-Oct-2021 15:17:26.265 情報 [main] org.apache.catalina.core.StandardService.startInternal サービス [Catalina] を起動します
15-Oct-2021 15:17:26.265 情報 [main] org.apache.catalina.core.StandardEngine.startInternal サーブレットエンジンの起動：[Apache Tomcat/9.0.30]
15-Oct-2021 15:17:26.274 情報 [main] org.apache.catalina.startup.HostConfig.deployDirectory Webアプリケーションディレクトリ [C:\pleiades\tomcat\9\webapps\docs] を配備します
15-Oct-2021 15:17:26.524 情報 [main] org.apache.catalina.startup.HostConfig.deployDirectory ディレクトリ [C:\pleiades\tomcat\9\webapps\docs] の Web アプリケーションの配置は [250] ms で完了しました。
15-Oct-2021 15:17:26.525 情報 [main] org.apache.catalina.startup.HostConfig.deployDirectory Webアプリケーションディレクトリ [C:\pleiades\tomcat\9\webapps\examples] を配備します
15-Oct-2021 15:17:26.972 情報 [main] org.apache.catalina.startup.HostConfig.deployDirectory ディレクトリ [C:\pleiades\tomcat\9\webapps\examples] の Web アプリケーションの配置は [447] ms で完了しました。
15-Oct-2021 15:17:26.973 情報 [main] org.apache.catalina.startup.HostConfig.deployDirectory Webアプリケーションディレクトリ [C:\pleiades\tomcat\9\webapps\host-manager] を配備します
15-Oct-2021 15:17:27.002 情報 [main] org.apache.catalina.startup.HostConfig.deployDirectory ディレクトリ [C:\pleiades\tomcat\9\webapps\host-manager] の Web アプリケーションの配置は [28] ms で完了しました。
15-Oct-2021 15:17:27.002 情報 [main] org.apache.catalina.startup.HostConfig.deployDirectory Webアプリケーションディレクトリ [C:\pleiades\tomcat\9\webapps\manager] を配備します
15-Oct-2021 15:17:27.026 情報 [main] org.apache.catalina.startup.HostConfig.deployDirectory ディレクトリ [C:\pleiades\tomcat\9\webapps\manager] の Web アプリケーションの配置は [24] ms で完了しました。
15-Oct-2021 15:17:27.027 情報 [main] org.apache.catalina.startup.HostConfig.deployDirectory Webアプリケーションディレクトリ [C:\pleiades\tomcat\9\webapps\ROOT] を配備します
15-Oct-2021 15:17:27.046 情報 [main] org.apache.catalina.startup.HostConfig.deployDirectory ディレクトリ [C:\pleiades\tomcat\9\webapps\ROOT] の Web アプリケーションの配置は [19] ms で完了しました。
15-Oct-2021 15:17:27.049 情報 [main] org.apache.coyote.AbstractProtocol.start プロトコルハンドラー ["http-nio-8080"] を開始しました。
15-Oct-2021 15:17:27.055 情報 [main] org.apache.coyote.AbstractProtocol.start プロトコルハンドラー ["ajp-nio-8009"] を開始しました。
15-Oct-2021 15:17:27.057 情報 [main] org.apache.catalina.startup.Catalina.start サーバーの起動 [834]ms
15-Oct-2021 15:18:13.352 情報 [Thread-4] org.apache.coyote.AbstractProtocol.pause ProtocolHandler ["http-nio-8080"] を一時停止します。
15-Oct-2021 15:18:13.372 情報 [Thread-4] org.apache.coyote.AbstractProtocol.pause ProtocolHandler ["ajp-nio-8009"] を一時停止します。
15-Oct-2021 15:18:13.387 情報 [Thread-4] org.apache.catalina.core.StandardService.stopInternal サービス [Catalina] を停止します
15-Oct-2021 15:18:13.402 情報 [Thread-4] org.apache.coyote.AbstractProtocol.stop ProtocolHandler ["http-nio-8080"]の停止中
15-Oct-2021 15:18:13.403 情報 [Thread-4] org.apache.coyote.AbstractProtocol.stop ProtocolHandler ["ajp-nio-8009"]の停止中
15-Oct-2021 15:18:13.404 情報 [Thread-4] org.apache.coyote.AbstractProtocol.destroy ProtocolHandler ["http-nio-8080"] を破棄します。
15-Oct-2021 15:18:13.405 情報 [Thread-4] org.apache.coyote.AbstractProtocol.destroy ProtocolHandler ["ajp-nio-8009"] を破棄します。
